Calling add
inside Input Validation
Invalid input: Expected {"number_1": "number", "number_2": "number"}
Calling add
inside Input Validation
String to float conversion
Calling add
inside Input Validation
String to float conversion
Calling add
inside Input Validation
String to float conversion
Calling subtract
inside Input Validation
String to float conversion
-1.0
Calling subtract
inside Input Validation
String to float conversion
0.5999999999999999
Calling subtract
inside Input Validation
String to float conversion
0.0
Calling subtract
inside Input Validation
String to float conversion
-4.0
Calling multiply
inside Input Validation
String to float conversion
150.0
Calling multiply
inside Input Validation
String to float conversion
250.0
Calling multiply
inside Input Validation
String to float conversion
-4.0
Calling multiply
inside Input Validation
String to float conversion
-0.0
Calling divide
inside Input Validation
String to float conversion
7.5
Calling divide
inside Input Validation
String to float conversion
2.0
Calling divide
inside Input Validation
String to float conversion
-0.5555555555555556
Calling divide
inside Input Validation
String to float conversion
-0.2
Calling multiply
inside Input Validation
Invalid input: Expected {"number_1": "number", "number_2": "number"}
Calling multiply
inside Input Validation
String to float conversion
-13653000000.0
Calling multiply
inside Input Validation
Invalid input: Expected {"number_1": "number", "number_2": "number"}
Calling add
inside Input Validation
Invalid input: Expected {"number_1": "number", "number_2": "number"}
Calling add
inside Input Validation
Invalid input: Expected {"number_1": "number", "number_2": "number"}
Calling add
inside Input Validation
String to float conversion
Calling add
inside Input Validation
String to float conversion
Calling add
inside Input Validation
String to float conversion
Calling subtract
inside Input Validation
String to float conversion
-1.0
Calling subtract
inside Input Validation
String to float conversion
0.5999999999999999
Calling subtract
inside Input Validation
String to float conversion
0.0
Calling subtract
inside Input Validation
String to float conversion
-4.0
Calling multiply
inside Input Validation
String to float conversion
150.0
Calling multiply
inside Input Validation
String to float conversion
250.0
Calling multiply
inside Input Validation
String to float conversion
-4.0
Calling multiply
inside Input Validation
String to float conversion
-0.0
Calling divide
inside Input Validation
String to float conversion
7.5
Calling divide
inside Input Validation
String to float conversion
2.0
Calling divide
inside Input Validation
String to float conversion
-0.5555555555555556
Calling divide
inside Input Validation
String to float conversion
-0.2
Calling divide
inside Input Validation
String to float conversion
float division by zero
Calling divide
inside Input Validation
String to float conversion
float division by zero
Calling divide
inside Input Validation
String to float conversion
float division by zero
Calling divide
inside Input Validation
String to float conversion
float division by zero
Calling divide
inside Input Validation
String to float conversion
float division by zero
Calling divide
inside Input Validation
String to float conversion
float division by zero
Calling divide
inside Input Validation
String to float conversion
float division by zero
Calling add
inside Input Validation
Invalid input: Expected {"number_1": "number", "number_2": "number"}
Calling add
inside Input Validation
Invalid input: Expected {"number_1": "number", "number_2": "number"}
Calling add
inside Input Validation
String to float conversion
3.0
Calling add
inside Input Validation
String to float conversion
-1.23e+29
Calling add
inside Input Validation
String to float conversion
0.0
Calling subtract
inside Input Validation
String to float conversion
-1.0
Calling subtract
inside Input Validation
String to float conversion
0.5999999999999999
Calling subtract
inside Input Validation
String to float conversion
0.0
Calling subtract
inside Input Validation
String to float conversion
-4.0
Calling multiply
inside Input Validation
String to float conversion
150.0
Calling multiply
inside Input Validation
String to float conversion
250.0
Calling multiply
inside Input Validation
String to float conversion
-4.0
Calling multiply
inside Input Validation
String to float conversion
-0.0
Calling divide
inside Input Validation
String to float conversion
7.5
Calling divide
inside Input Validation
String to float conversion
2.0
Calling divide
inside Input Validation
String to float conversion
-0.5555555555555556
Calling divide
inside Input Validation
String to float conversion
-0.2
Calling add
inside Input Validation
Invalid input: Expected {"number_1": "number", "number_2": "number"}
Calling add
inside Input Validation
Invalid input: Expected {"number_1": "number", "number_2": "number"}
Calling add
inside Input Validation
String to float conversion
Calling add
inside Input Validation
String to float conversion
Calling add
inside Input Validation
String to float conversion
Calling subtract
inside Input Validation
String to float conversion
-1.0
Calling subtract
inside Input Validation
String to float conversion
0.5999999999999999
Calling subtract
inside Input Validation
String to float conversion
0.0
Calling subtract
inside Input Validation
String to float conversion
-4.0
Calling multiply
inside Input Validation
String to float conversion
150.0
Calling multiply
inside Input Validation
String to float conversion
250.0
Calling multiply
inside Input Validation
String to float conversion
-4.0
Calling multiply
inside Input Validation
String to float conversion
-0.0
Calling divide
inside Input Validation
String to float conversion
7.5
Calling divide
inside Input Validation
String to float conversion
2.0
Calling divide
inside Input Validation
String to float conversion
-0.5555555555555556
Calling divide
inside Input Validation
String to float conversion
-0.2
Calling add
inside Input Validation
Invalid input: Expected {"number_1": "number", "number_2": "number"}
Calling add
inside Input Validation
Invalid input: Expected {"number_1": "number", "number_2": "number"}
Calling add
inside Input Validation
String to float conversion
Calling add
inside Input Validation
String to float conversion
Calling add
inside Input Validation
String to float conversion
Calling subtract
inside Input Validation
String to float conversion
-1.0
Calling subtract
inside Input Validation
String to float conversion
0.5999999999999999
Calling subtract
inside Input Validation
String to float conversion
0.0
Calling subtract
inside Input Validation
String to float conversion
-4.0
Calling multiply
inside Input Validation
String to float conversion
150.0
Calling multiply
inside Input Validation
String to float conversion
250.0
Calling multiply
inside Input Validation
String to float conversion
-4.0
Calling multiply
inside Input Validation
String to float conversion
-0.0
Calling divide
inside Input Validation
String to float conversion
7.5
Calling divide
inside Input Validation
String to float conversion
2.0
Calling divide
inside Input Validation
String to float conversion
-0.5555555555555556
Calling divide
inside Input Validation
String to float conversion
-0.2
Calling add
inside Input Validation
Invalid input: Expected {"number_1": "number", "number_2": "number"}
Calling add
inside Input Validation
Invalid input: Expected {"number_1": "number", "number_2": "number"}
Calling add
inside Input Validation
String to float conversion
Calling add
inside Input Validation
String to float conversion
Calling add
inside Input Validation
String to float conversion
Calling subtract
inside Input Validation
String to float conversion
-1.0
Calling subtract
inside Input Validation
String to float conversion
0.5999999999999999
Calling subtract
inside Input Validation
String to float conversion
0.0
Calling subtract
inside Input Validation
String to float conversion
-4.0
Calling multiply
inside Input Validation
String to float conversion
150.0
Calling multiply
inside Input Validation
String to float conversion
250.0
Calling multiply
inside Input Validation
String to float conversion
-4.0
Calling multiply
inside Input Validation
String to float conversion
-0.0
Calling divide
inside Input Validation
String to float conversion
7.5
Calling divide
inside Input Validation
String to float conversion
2.0
Calling divide
inside Input Validation
String to float conversion
-0.5555555555555556
Calling divide
inside Input Validation
String to float conversion
-0.2
Calling divide
String to float conversion
-1230000.0
Calling divide
String to float conversion
-12300000.0, 10.0
-1230000.0
Calling add
Invalid input: Expected {"number_1": "number", "number_2": "number"}
Calling add
Invalid input: Expected {"number_1": "number", "number_2": "number"}
Calling add
String to float conversion
1.0, 2.0
Operation: add num1: 1.0, num2: 2.0 , result: 3.0
Calling add
String to float conversion
-1.23e+29, 500.0
Operation: add num1: -1.23e+29, num2: 500.0 , result: -1.23e+29
Calling add
String to float conversion
-2.0, 2.0
Operation: add num1: -2.0, num2: 2.0 , result: 0.0
Calling subtract
String to float conversion
1.0, 2.0
Operation: subtract num1: 1.0, num2: 2.0 , result: -1.0
Calling subtract
String to float conversion
-1.8, -2.4
Operation: subtract num1: -1.8, num2: -2.4 , result: 0.5999999999999999
Calling subtract
String to float conversion
2.0, 2.0
Operation: subtract num1: 2.0, num2: 2.0 , result: 0.0
Calling subtract
String to float conversion
-2.0, 2.0
Operation: subtract num1: -2.0, num2: 2.0 , result: -4.0
Calling multiply
String to float conversion
10.0, 15.0
Operation: multiply num1: 10.0, num2: 15.0 , result: 150.0
Calling multiply
String to float conversion
-10.0, -25.0
Operation: multiply num1: -10.0, num2: -25.0 , result: 250.0
Calling multiply
String to float conversion
2.0, -2.0
Operation: multiply num1: 2.0, num2: -2.0 , result: -4.0
Calling multiply
String to float conversion
-100.0, 0.0
Operation: multiply num1: -100.0, num2: 0.0 , result: -0.0
Calling divide
String to float conversion
15.0, 2.0
Operation: divide num1: 15.0, num2: 2.0 , result: 7.5
Calling divide
String to float conversion
-50.0, -25.0
Operation: divide num1: -50.0, num2: -25.0 , result: 2.0
Calling divide
String to float conversion
5.0, -9.0
Operation: divide num1: 5.0, num2: -9.0 , result: -0.5555555555555556
Calling divide
String to float conversion
-100.0, 500.0
Operation: divide num1: -100.0, num2: 500.0 , result: -0.2
Calling divide
String to float conversion
-12300000.0, 10.0
Operation: divide num1: -12300000.0, num2: 10.0 , result: -1230000.0
